<?xml version="1.0" encoding="UTF-8"?>
<!-- Generated by org.testng.reporters.JUnitReportReporter -->
<testsuite hostname="DESKTOP-SQDSI01" failures="0" tests="1" name="cucumberRunner.Runner" time="7.315" errors="0" timestamp="2022-06-06T13:13:22 IST" skipped="0">
  <testcase classname="cucumberRunner.Runner" name="runScenario" time="7.315"/>
  <system-out/>
</testsuite> <!-- cucumberRunner.Runner -->
