<?xml version="1.0" encoding="UTF-8"?>
<!-- Generated by org.testng.reporters.JUnitReportReporter -->
<testsuite hostname="DESKTOP-SQDSI01" failures="0" tests="1" name="testcasesPOM.VerifyPages" time="7.836" errors="0" timestamp="2022-06-07T18:53:00 IST" skipped="0">
  <testcase classname="testcasesPOM.VerifyPages" name="testingpages" time="7.836"/>
  <system-out/>
</testsuite> <!-- testcasesPOM.VerifyPages -->
